2017-09-23T14:51:24.166319Z 0 [ERROR] Cannot open Windows EventLog; check privileges, or start server with --log_syslog=0
2017-09-23T14:51:24.519027Z 0 [Warning] InnoDB: New log files created, LSN=45790
2017-09-23T14:51:24.574058Z 0 [Warning] InnoDB: Creating foreign key constraint system tables.
2017-09-23T14:51:24.640096Z 0 [Warning] No existing UUID has been found, so we assume that this is the first time that this server has been started. Generating a new UUID: abbfa48d-a06e-11e7-bc24-10bf48bcc099.
2017-09-23T14:51:24.648101Z 0 [Warning] Gtid table is not ready to be used. Table 'mysql.gtid_executed' cannot be opened.
2017-09-23T14:51:24.925259Z 1 [Warning] root@localhost is created with an empty password ! Please consider switching off the --initialize-insecure option.
2018-02-11T16:09:02.533097Z 0 [Warning] Insecure configuration for --secure-file-priv: Current value does not restrict location of generated files. Consider setting it to a valid, non-empty path.
2018-02-11T16:09:02.533598Z 0 [Note] C:\laragon\bin\mysql\mysql-5.7.19-winx64\bin\mysqld (mysqld 5.7.19) starting as process 3124 ...
2018-02-11T16:09:02.565615Z 0 [Note] InnoDB: Mutexes and rw_locks use Windows interlocked functions
2018-02-11T16:09:02.567116Z 0 [Note] InnoDB: Uses event mutexes
2018-02-11T16:09:02.568117Z 0 [Note] InnoDB: _mm_lfence() and _mm_sfence() are used for memory barrier
2018-02-11T16:09:02.569617Z 0 [Note] InnoDB: Compressed tables use zlib 1.2.3
2018-02-11T16:09:02.571619Z 0 [Note] InnoDB: Number of pools: 1
2018-02-11T16:09:02.573120Z 0 [Note] InnoDB: Not using CPU crc32 instructions
2018-02-11T16:09:02.576622Z 0 [Note] InnoDB: Initializing buffer pool, total size = 128M, instances = 1, chunk size = 128M
2018-02-11T16:09:02.592631Z 0 [Note] InnoDB: Completed initialization of buffer pool
2018-02-11T16:09:02.624649Z 0 [Note] InnoDB: Highest supported file format is Barracuda.
2018-02-11T16:09:02.710713Z 0 [Note] InnoDB: Creating shared tablespace for temporary tables
2018-02-11T16:09:02.712214Z 0 [Note] InnoDB: Setting file '.\ibtmp1' size to 12 MB. Physically writing the file full; Please wait ...
2018-02-11T16:09:02.744232Z 0 [Note] InnoDB: File '.\ibtmp1' size is now 12 MB.
2018-02-11T16:09:02.748735Z 0 [Note] InnoDB: 96 redo rollback segment(s) found. 96 redo rollback segment(s) are active.
2018-02-11T16:09:02.750236Z 0 [Note] InnoDB: 32 non-redo rollback segment(s) are active.
2018-02-11T16:09:02.755239Z 0 [Note] InnoDB: Waiting for purge to start
2018-02-11T16:09:02.806768Z 0 [Note] InnoDB: 5.7.19 started; log sequence number 2721416
2018-02-11T16:09:02.808269Z 0 [Note] InnoDB: Loading buffer pool(s) from C:\laragon\data\mysql\mysql\ib_buffer_pool
2018-02-11T16:09:02.808269Z 0 [Note] Plugin 'FEDERATED' is disabled.
2018-02-11T16:09:02.819276Z 0 [Warning] Failed to set up SSL because of the following SSL library error: SSL context is not usable without certificate and private key
2018-02-11T16:09:02.821276Z 0 [Note] Server hostname (bind-address): '*'; port: 3306
2018-02-11T16:09:02.822777Z 0 [Note] IPv6 is available.
2018-02-11T16:09:02.823778Z 0 [Note]   - '::' resolves to '::';
2018-02-11T16:09:02.824278Z 0 [Note] Server socket created on IP: '::'.
2018-02-11T16:09:02.825278Z 0 [ERROR] Can't start server: Bind on TCP/IP port: No such file or directory
2018-02-11T16:09:02.826279Z 0 [Note] InnoDB: Buffer pool(s) load completed at 180211 16:09:02
2018-02-11T16:09:02.826779Z 0 [ERROR] Do you already have another mysqld server running on port: 3306 ?
2018-02-11T16:09:02.829281Z 0 [ERROR] Aborting

2018-02-11T16:09:02.829781Z 0 [Note] Binlog end
2018-02-11T16:09:02.830782Z 0 [Note] Shutting down plugin 'ngram'
2018-02-11T16:09:02.831782Z 0 [Note] Shutting down plugin 'partition'
2018-02-11T16:09:02.832783Z 0 [Note] Shutting down plugin 'BLACKHOLE'
2018-02-11T16:09:02.833283Z 0 [Note] Shutting down plugin 'ARCHIVE'
2018-02-11T16:09:02.834283Z 0 [Note] Shutting down plugin 'PERFORMANCE_SCHEMA'
2018-02-11T16:09:02.835285Z 0 [Note] Shutting down plugin 'MRG_MYISAM'
2018-02-11T16:09:02.836286Z 0 [Note] Shutting down plugin 'MyISAM'
2018-02-11T16:09:02.837286Z 0 [Note] Shutting down plugin 'INNODB_SYS_VIRTUAL'
2018-02-11T16:09:02.838286Z 0 [Note] Shutting down plugin 'INNODB_SYS_DATAFILES'
2018-02-11T16:09:02.839286Z 0 [Note] Shutting down plugin 'INNODB_SYS_TABLESPACES'
2018-02-11T16:09:02.840288Z 0 [Note] Shutting down plugin 'INNODB_SYS_FOREIGN_COLS'
2018-02-11T16:09:02.841288Z 0 [Note] Shutting down plugin 'INNODB_SYS_FOREIGN'
2018-02-11T16:09:02.842289Z 0 [Note] Shutting down plugin 'INNODB_SYS_FIELDS'
2018-02-11T16:09:02.843290Z 0 [Note] Shutting down plugin 'INNODB_SYS_COLUMNS'
2018-02-11T16:09:02.844290Z 0 [Note] Shutting down plugin 'INNODB_SYS_INDEXES'
2018-02-11T16:09:02.845291Z 0 [Note] Shutting down plugin 'INNODB_SYS_TABLESTATS'
2018-02-11T16:09:02.846292Z 0 [Note] Shutting down plugin 'INNODB_SYS_TABLES'
2018-02-11T16:09:02.847792Z 0 [Note] Shutting down plugin 'INNODB_FT_INDEX_TABLE'
2018-02-11T16:09:02.848793Z 0 [Note] Shutting down plugin 'INNODB_FT_INDEX_CACHE'
2018-02-11T16:09:02.850793Z 0 [Note] Shutting down plugin 'INNODB_FT_CONFIG'
2018-02-11T16:09:02.851794Z 0 [Note] Shutting down plugin 'INNODB_FT_BEING_DELETED'
2018-02-11T16:09:02.852794Z 0 [Note] Shutting down plugin 'INNODB_FT_DELETED'
2018-02-11T16:09:02.853795Z 0 [Note] Shutting down plugin 'INNODB_FT_DEFAULT_STOPWORD'
2018-02-11T16:09:02.855296Z 0 [Note] Shutting down plugin 'INNODB_METRICS'
2018-02-11T16:09:02.856296Z 0 [Note] Shutting down plugin 'INNODB_TEMP_TABLE_INFO'
2018-02-11T16:09:02.857297Z 0 [Note] Shutting down plugin 'INNODB_BUFFER_POOL_STATS'
2018-02-11T16:09:02.858799Z 0 [Note] Shutting down plugin 'INNODB_BUFFER_PAGE_LRU'
2018-02-11T16:09:02.859799Z 0 [Note] Shutting down plugin 'INNODB_BUFFER_PAGE'
2018-02-11T16:09:02.860800Z 0 [Note] Shutting down plugin 'INNODB_CMP_PER_INDEX_RESET'
2018-02-11T16:09:02.861800Z 0 [Note] Shutting down plugin 'INNODB_CMP_PER_INDEX'
2018-02-11T16:09:02.862801Z 0 [Note] Shutting down plugin 'INNODB_CMPMEM_RESET'
2018-02-11T16:09:02.863802Z 0 [Note] Shutting down plugin 'INNODB_CMPMEM'
2018-02-11T16:09:02.864802Z 0 [Note] Shutting down plugin 'INNODB_CMP_RESET'
2018-02-11T16:09:02.865803Z 0 [Note] Shutting down plugin 'INNODB_CMP'
2018-02-11T16:09:02.866803Z 0 [Note] Shutting down plugin 'INNODB_LOCK_WAITS'
2018-02-11T16:09:02.867803Z 0 [Note] Shutting down plugin 'INNODB_LOCKS'
2018-02-11T16:09:02.868804Z 0 [Note] Shutting down plugin 'INNODB_TRX'
2018-02-11T16:09:02.869805Z 0 [Note] Shutting down plugin 'InnoDB'
2018-02-11T16:09:02.870806Z 0 [Note] InnoDB: FTS optimize thread exiting.
2018-02-11T16:09:02.871805Z 0 [Note] InnoDB: Starting shutdown...
2018-02-11T16:09:02.972864Z 0 [Note] InnoDB: Dumping buffer pool(s) to C:\laragon\data\mysql\mysql\ib_buffer_pool
2018-02-11T16:09:02.976865Z 0 [Note] InnoDB: Buffer pool(s) dump completed at 180211 16:09:02
2018-02-11T16:09:04.091876Z 0 [Note] InnoDB: Shutdown completed; log sequence number 2721435
2018-02-11T16:09:04.093377Z 0 [Note] InnoDB: Removed temporary tablespace data file: "ibtmp1"
2018-02-11T16:09:04.094378Z 0 [Note] Shutting down plugin 'MEMORY'
2018-02-11T16:09:04.095378Z 0 [Note] Shutting down plugin 'CSV'
2018-02-11T16:09:04.096379Z 0 [Note] Shutting down plugin 'sha256_password'
2018-02-11T16:09:04.097379Z 0 [Note] Shutting down plugin 'mysql_native_password'
2018-02-11T16:09:04.098881Z 0 [Note] Shutting down plugin 'binlog'
2018-02-11T16:09:04.105384Z 0 [Note] C:\laragon\bin\mysql\mysql-5.7.19-winx64\bin\mysqld: Shutdown complete

2018-02-11T16:45:16.372484Z 0 [Warning] Insecure configuration for --secure-file-priv: Current value does not restrict location of generated files. Consider setting it to a valid, non-empty path.
2018-02-11T16:45:16.372978Z 0 [Note] C:\laragon\bin\mysql\mysql-5.7.19-winx64\bin\mysqld (mysqld 5.7.19) starting as process 1488 ...
2018-02-11T16:45:16.400494Z 0 [Note] InnoDB: Mutexes and rw_locks use Windows interlocked functions
2018-02-11T16:45:16.401995Z 0 [Note] InnoDB: Uses event mutexes
2018-02-11T16:45:16.402995Z 0 [Note] InnoDB: _mm_lfence() and _mm_sfence() are used for memory barrier
2018-02-11T16:45:16.403995Z 0 [Note] InnoDB: Compressed tables use zlib 1.2.3
2018-02-11T16:45:16.405996Z 0 [Note] InnoDB: Number of pools: 1
2018-02-11T16:45:16.406496Z 0 [Note] InnoDB: Not using CPU crc32 instructions
2018-02-11T16:45:16.409998Z 0 [Note] InnoDB: Initializing buffer pool, total size = 128M, instances = 1, chunk size = 128M
2018-02-11T16:45:16.426009Z 0 [Note] InnoDB: Completed initialization of buffer pool
2018-02-11T16:45:16.457526Z 0 [Note] InnoDB: Highest supported file format is Barracuda.
2018-02-11T16:45:16.543626Z 0 [Note] InnoDB: Creating shared tablespace for temporary tables
2018-02-11T16:45:16.545127Z 0 [Note] InnoDB: Setting file '.\ibtmp1' size to 12 MB. Physically writing the file full; Please wait ...
2018-02-11T16:45:16.575645Z 0 [Note] InnoDB: File '.\ibtmp1' size is now 12 MB.
2018-02-11T16:45:16.580148Z 0 [Note] InnoDB: 96 redo rollback segment(s) found. 96 redo rollback segment(s) are active.
2018-02-11T16:45:16.582149Z 0 [Note] InnoDB: 32 non-redo rollback segment(s) are active.
2018-02-11T16:45:16.583649Z 0 [Note] InnoDB: Waiting for purge to start
2018-02-11T16:45:16.636179Z 0 [Note] InnoDB: 5.7.19 started; log sequence number 2721435
2018-02-11T16:45:16.637680Z 0 [Note] Plugin 'FEDERATED' is disabled.
2018-02-11T16:45:16.637680Z 0 [Note] InnoDB: Loading buffer pool(s) from C:\laragon\data\mysql\mysql\ib_buffer_pool
2018-02-11T16:45:16.649687Z 0 [Warning] Failed to set up SSL because of the following SSL library error: SSL context is not usable without certificate and private key
2018-02-11T16:45:16.652188Z 0 [Note] Server hostname (bind-address): '*'; port: 3306
2018-02-11T16:45:16.653689Z 0 [Note] IPv6 is available.
2018-02-11T16:45:16.654689Z 0 [Note]   - '::' resolves to '::';
2018-02-11T16:45:16.655690Z 0 [Note] Server socket created on IP: '::'.
2018-02-11T16:45:16.656691Z 0 [ERROR] Can't start server: Bind on TCP/IP port: No such file or directory
2018-02-11T16:45:16.657691Z 0 [Note] InnoDB: Buffer pool(s) load completed at 180211 16:45:16
2018-02-11T16:45:16.658692Z 0 [ERROR] Do you already have another mysqld server running on port: 3306 ?
2018-02-11T16:45:16.660693Z 0 [ERROR] Aborting

2018-02-11T16:45:16.661696Z 0 [Note] Binlog end
2018-02-11T16:45:16.662196Z 0 [Note] Shutting down plugin 'ngram'
2018-02-11T16:45:16.663196Z 0 [Note] Shutting down plugin 'partition'
2018-02-11T16:45:16.664197Z 0 [Note] Shutting down plugin 'BLACKHOLE'
2018-02-11T16:45:16.665196Z 0 [Note] Shutting down plugin 'ARCHIVE'
2018-02-11T16:45:16.665698Z 0 [Note] Shutting down plugin 'PERFORMANCE_SCHEMA'
2018-02-11T16:45:16.666696Z 0 [Note] Shutting down plugin 'MRG_MYISAM'
2018-02-11T16:45:16.668197Z 0 [Note] Shutting down plugin 'MyISAM'
2018-02-11T16:45:16.669198Z 0 [Note] Shutting down plugin 'INNODB_SYS_VIRTUAL'
2018-02-11T16:45:16.669698Z 0 [Note] Shutting down plugin 'INNODB_SYS_DATAFILES'
2018-02-11T16:45:16.671200Z 0 [Note] Shutting down plugin 'INNODB_SYS_TABLESPACES'
2018-02-11T16:45:16.672201Z 0 [Note] Shutting down plugin 'INNODB_SYS_FOREIGN_COLS'
2018-02-11T16:45:16.673201Z 0 [Note] Shutting down plugin 'INNODB_SYS_FOREIGN'
2018-02-11T16:45:16.674201Z 0 [Note] Shutting down plugin 'INNODB_SYS_FIELDS'
2018-02-11T16:45:16.675201Z 0 [Note] Shutting down plugin 'INNODB_SYS_COLUMNS'
2018-02-11T16:45:16.676203Z 0 [Note] Shutting down plugin 'INNODB_SYS_INDEXES'
2018-02-11T16:45:16.677202Z 0 [Note] Shutting down plugin 'INNODB_SYS_TABLESTATS'
2018-02-11T16:45:16.678203Z 0 [Note] Shutting down plugin 'INNODB_SYS_TABLES'
2018-02-11T16:45:16.679203Z 0 [Note] Shutting down plugin 'INNODB_FT_INDEX_TABLE'
2018-02-11T16:45:16.680204Z 0 [Note] Shutting down plugin 'INNODB_FT_INDEX_CACHE'
2018-02-11T16:45:16.681705Z 0 [Note] Shutting down plugin 'INNODB_FT_CONFIG'
2018-02-11T16:45:16.682711Z 0 [Note] Shutting down plugin 'INNODB_FT_BEING_DELETED'
2018-02-11T16:45:16.683706Z 0 [Note] Shutting down plugin 'INNODB_FT_DELETED'
2018-02-11T16:45:16.684707Z 0 [Note] Shutting down plugin 'INNODB_FT_DEFAULT_STOPWORD'
2018-02-11T16:45:16.685707Z 0 [Note] Shutting down plugin 'INNODB_METRICS'
2018-02-11T16:45:16.686708Z 0 [Note] Shutting down plugin 'INNODB_TEMP_TABLE_INFO'
2018-02-11T16:45:16.687708Z 0 [Note] Shutting down plugin 'INNODB_BUFFER_POOL_STATS'
2018-02-11T16:45:16.689210Z 0 [Note] Shutting down plugin 'INNODB_BUFFER_PAGE_LRU'
2018-02-11T16:45:16.690210Z 0 [Note] Shutting down plugin 'INNODB_BUFFER_PAGE'
2018-02-11T16:45:16.691711Z 0 [Note] Shutting down plugin 'INNODB_CMP_PER_INDEX_RESET'
2018-02-11T16:45:16.692711Z 0 [Note] Shutting down plugin 'INNODB_CMP_PER_INDEX'
2018-02-11T16:45:16.693712Z 0 [Note] Shutting down plugin 'INNODB_CMPMEM_RESET'
2018-02-11T16:45:16.694714Z 0 [Note] Shutting down plugin 'INNODB_CMPMEM'
2018-02-11T16:45:16.696214Z 0 [Note] Shutting down plugin 'INNODB_CMP_RESET'
2018-02-11T16:45:16.696714Z 0 [Note] Shutting down plugin 'INNODB_CMP'
2018-02-11T16:45:16.697714Z 0 [Note] Shutting down plugin 'INNODB_LOCK_WAITS'
2018-02-11T16:45:16.698715Z 0 [Note] Shutting down plugin 'INNODB_LOCKS'
2018-02-11T16:45:16.699715Z 0 [Note] Shutting down plugin 'INNODB_TRX'
2018-02-11T16:45:16.701218Z 0 [Note] Shutting down plugin 'InnoDB'
2018-02-11T16:45:16.702217Z 0 [Note] InnoDB: FTS optimize thread exiting.
2018-02-11T16:45:16.703217Z 0 [Note] InnoDB: Starting shutdown...
2018-02-11T16:45:16.804775Z 0 [Note] InnoDB: Dumping buffer pool(s) to C:\laragon\data\mysql\mysql\ib_buffer_pool
2018-02-11T16:45:16.808778Z 0 [Note] InnoDB: Buffer pool(s) dump completed at 180211 16:45:16
2018-02-11T16:45:18.023330Z 0 [Note] InnoDB: Shutdown completed; log sequence number 2721454
2018-02-11T16:45:18.024831Z 0 [Note] InnoDB: Removed temporary tablespace data file: "ibtmp1"
2018-02-11T16:45:18.026332Z 0 [Note] Shutting down plugin 'MEMORY'
2018-02-11T16:45:18.027333Z 0 [Note] Shutting down plugin 'CSV'
2018-02-11T16:45:18.027833Z 0 [Note] Shutting down plugin 'sha256_password'
2018-02-11T16:45:18.028833Z 0 [Note] Shutting down plugin 'mysql_native_password'
2018-02-11T16:45:18.030334Z 0 [Note] Shutting down plugin 'binlog'
2018-02-11T16:45:18.037340Z 0 [Note] C:\laragon\bin\mysql\mysql-5.7.19-winx64\bin\mysqld: Shutdown complete

2018-02-11T16:48:11.309704Z 0 [Warning] Insecure configuration for --secure-file-priv: Current value does not restrict location of generated files. Consider setting it to a valid, non-empty path.
2018-02-11T16:48:11.310204Z 0 [Note] mysqld (mysqld 5.7.19) starting as process 3108 ...
2018-02-11T16:48:11.339721Z 0 [Note] InnoDB: Mutexes and rw_locks use Windows interlocked functions
2018-02-11T16:48:11.341222Z 0 [Note] InnoDB: Uses event mutexes
2018-02-11T16:48:11.341722Z 0 [Note] InnoDB: _mm_lfence() and _mm_sfence() are used for memory barrier
2018-02-11T16:48:11.343223Z 0 [Note] InnoDB: Compressed tables use zlib 1.2.3
2018-02-11T16:48:11.344724Z 0 [Note] InnoDB: Number of pools: 1
2018-02-11T16:48:11.345724Z 0 [Note] InnoDB: Not using CPU crc32 instructions
2018-02-11T16:48:11.349226Z 0 [Note] InnoDB: Initializing buffer pool, total size = 128M, instances = 1, chunk size = 128M
2018-02-11T16:48:11.365736Z 0 [Note] InnoDB: Completed initialization of buffer pool
2018-02-11T16:48:11.398254Z 0 [Note] InnoDB: Highest supported file format is Barracuda.
2018-02-11T16:48:11.486305Z 0 [Note] InnoDB: Creating shared tablespace for temporary tables
2018-02-11T16:48:11.488306Z 0 [Note] InnoDB: Setting file '.\ibtmp1' size to 12 MB. Physically writing the file full; Please wait ...
2018-02-11T16:48:11.517322Z 0 [Note] InnoDB: File '.\ibtmp1' size is now 12 MB.
2018-02-11T16:48:11.522826Z 0 [Note] InnoDB: 96 redo rollback segment(s) found. 96 redo rollback segment(s) are active.
2018-02-11T16:48:11.524326Z 0 [Note] InnoDB: 32 non-redo rollback segment(s) are active.
2018-02-11T16:48:11.525827Z 0 [Note] InnoDB: Waiting for purge to start
2018-02-11T16:48:11.577358Z 0 [Note] InnoDB: 5.7.19 started; log sequence number 2721454
2018-02-11T16:48:11.579358Z 0 [Note] Plugin 'FEDERATED' is disabled.
2018-02-11T16:48:11.579358Z 0 [Note] InnoDB: Loading buffer pool(s) from C:\laragon\data\mysql\mysql\ib_buffer_pool
2018-02-11T16:48:11.590364Z 0 [Warning] Failed to set up SSL because of the following SSL library error: SSL context is not usable without certificate and private key
2018-02-11T16:48:11.592365Z 0 [Note] Server hostname (bind-address): '*'; port: 3306
2018-02-11T16:48:11.593866Z 0 [Note] IPv6 is available.
2018-02-11T16:48:11.594366Z 0 [Note]   - '::' resolves to '::';
2018-02-11T16:48:11.595367Z 0 [Note] Server socket created on IP: '::'.
2018-02-11T16:48:11.596868Z 0 [ERROR] Can't start server: Bind on TCP/IP port: No such file or directory
2018-02-11T16:48:11.598369Z 0 [ERROR] Do you already have another mysqld server running on port: 3306 ?
2018-02-11T16:48:11.599870Z 0 [Note] InnoDB: Buffer pool(s) load completed at 180211 16:48:11
2018-02-11T16:48:11.599870Z 0 [ERROR] Aborting

2018-02-11T16:48:11.601370Z 0 [Note] Binlog end
2018-02-11T16:48:11.602371Z 0 [Note] Shutting down plugin 'ngram'
2018-02-11T16:48:11.603872Z 0 [Note] Shutting down plugin 'partition'
2018-02-11T16:48:11.604872Z 0 [Note] Shutting down plugin 'BLACKHOLE'
2018-02-11T16:48:11.605873Z 0 [Note] Shutting down plugin 'ARCHIVE'
2018-02-11T16:48:11.606373Z 0 [Note] Shutting down plugin 'PERFORMANCE_SCHEMA'
2018-02-11T16:48:11.607374Z 0 [Note] Shutting down plugin 'MRG_MYISAM'
2018-02-11T16:48:11.608374Z 0 [Note] Shutting down plugin 'MyISAM'
2018-02-11T16:48:11.609876Z 0 [Note] Shutting down plugin 'INNODB_SYS_VIRTUAL'
2018-02-11T16:48:11.611376Z 0 [Note] Shutting down plugin 'INNODB_SYS_DATAFILES'
2018-02-11T16:48:11.612378Z 0 [Note] Shutting down plugin 'INNODB_SYS_TABLESPACES'
2018-02-11T16:48:11.613878Z 0 [Note] Shutting down plugin 'INNODB_SYS_FOREIGN_COLS'
2018-02-11T16:48:11.614879Z 0 [Note] Shutting down plugin 'INNODB_SYS_FOREIGN'
2018-02-11T16:48:11.615879Z 0 [Note] Shutting down plugin 'INNODB_SYS_FIELDS'
2018-02-11T16:48:11.616879Z 0 [Note] Shutting down plugin 'INNODB_SYS_COLUMNS'
2018-02-11T16:48:11.618381Z 0 [Note] Shutting down plugin 'INNODB_SYS_INDEXES'
2018-02-11T16:48:11.619381Z 0 [Note] Shutting down plugin 'INNODB_SYS_TABLESTATS'
2018-02-11T16:48:11.620381Z 0 [Note] Shutting down plugin 'INNODB_SYS_TABLES'
2018-02-11T16:48:11.621382Z 0 [Note] Shutting down plugin 'INNODB_FT_INDEX_TABLE'
2018-02-11T16:48:11.622382Z 0 [Note] Shutting down plugin 'INNODB_FT_INDEX_CACHE'
2018-02-11T16:48:11.623383Z 0 [Note] Shutting down plugin 'INNODB_FT_CONFIG'
2018-02-11T16:48:11.624384Z 0 [Note] Shutting down plugin 'INNODB_FT_BEING_DELETED'
2018-02-11T16:48:11.625384Z 0 [Note] Shutting down plugin 'INNODB_FT_DELETED'
2018-02-11T16:48:11.626385Z 0 [Note] Shutting down plugin 'INNODB_FT_DEFAULT_STOPWORD'
2018-02-11T16:48:11.627886Z 0 [Note] Shutting down plugin 'INNODB_METRICS'
2018-02-11T16:48:11.628886Z 0 [Note] Shutting down plugin 'INNODB_TEMP_TABLE_INFO'
2018-02-11T16:48:11.629888Z 0 [Note] Shutting down plugin 'INNODB_BUFFER_POOL_STATS'
2018-02-11T16:48:11.630888Z 0 [Note] Shutting down plugin 'INNODB_BUFFER_PAGE_LRU'
2018-02-11T16:48:11.632389Z 0 [Note] Shutting down plugin 'INNODB_BUFFER_PAGE'
2018-02-11T16:48:11.633390Z 0 [Note] Shutting down plugin 'INNODB_CMP_PER_INDEX_RESET'
2018-02-11T16:48:11.634391Z 0 [Note] Shutting down plugin 'INNODB_CMP_PER_INDEX'
2018-02-11T16:48:11.635391Z 0 [Note] Shutting down plugin 'INNODB_CMPMEM_RESET'
2018-02-11T16:48:11.636391Z 0 [Note] Shutting down plugin 'INNODB_CMPMEM'
2018-02-11T16:48:11.637892Z 0 [Note] Shutting down plugin 'INNODB_CMP_RESET'
2018-02-11T16:48:11.638892Z 0 [Note] Shutting down plugin 'INNODB_CMP'
2018-02-11T16:48:11.639893Z 0 [Note] Shutting down plugin 'INNODB_LOCK_WAITS'
2018-02-11T16:48:11.640894Z 0 [Note] Shutting down plugin 'INNODB_LOCKS'
2018-02-11T16:48:11.641894Z 0 [Note] Shutting down plugin 'INNODB_TRX'
2018-02-11T16:48:11.642895Z 0 [Note] Shutting down plugin 'InnoDB'
2018-02-11T16:48:11.643896Z 0 [Note] InnoDB: FTS optimize thread exiting.
2018-02-11T16:48:11.644895Z 0 [Note] InnoDB: Starting shutdown...
2018-02-11T16:48:11.746455Z 0 [Note] InnoDB: Dumping buffer pool(s) to C:\laragon\data\mysql\mysql\ib_buffer_pool
2018-02-11T16:48:11.750956Z 0 [Note] InnoDB: Buffer pool(s) dump completed at 180211 16:48:11
2018-02-11T16:48:12.965292Z 0 [Note] InnoDB: Shutdown completed; log sequence number 2721473
2018-02-11T16:48:12.967293Z 0 [Note] InnoDB: Removed temporary tablespace data file: "ibtmp1"
2018-02-11T16:48:12.968294Z 0 [Note] Shutting down plugin 'MEMORY'
2018-02-11T16:48:12.969294Z 0 [Note] Shutting down plugin 'CSV'
2018-02-11T16:48:12.970294Z 0 [Note] Shutting down plugin 'sha256_password'
2018-02-11T16:48:12.971294Z 0 [Note] Shutting down plugin 'mysql_native_password'
2018-02-11T16:48:12.972796Z 0 [Note] Shutting down plugin 'binlog'
2018-02-11T16:48:12.982800Z 0 [Note] mysqld: Shutdown complete

2018-02-11T16:55:22.714247Z 0 [Warning] Insecure configuration for --secure-file-priv: Current value does not restrict location of generated files. Consider setting it to a valid, non-empty path.
2018-02-11T16:55:22.714748Z 0 [Note] C:\laragon\bin\mysql\mysql-5.7.19-winx64\bin\mysqld (mysqld 5.7.19) starting as process 9788 ...
2018-02-11T16:55:22.754270Z 0 [Note] InnoDB: Mutexes and rw_locks use Windows interlocked functions
2018-02-11T16:55:22.757272Z 0 [Note] InnoDB: Uses event mutexes
2018-02-11T16:55:22.757772Z 0 [Note] InnoDB: _mm_lfence() and _mm_sfence() are used for memory barrier
2018-02-11T16:55:22.759273Z 0 [Note] InnoDB: Compressed tables use zlib 1.2.3
2018-02-11T16:55:22.760774Z 0 [Note] InnoDB: Number of pools: 1
2018-02-11T16:55:22.765776Z 0 [Note] InnoDB: Not using CPU crc32 instructions
2018-02-11T16:55:22.769278Z 0 [Note] InnoDB: Initializing buffer pool, total size = 128M, instances = 1, chunk size = 128M
2018-02-11T16:55:22.788291Z 0 [Note] InnoDB: Completed initialization of buffer pool
2018-02-11T16:55:22.823310Z 0 [Note] InnoDB: Highest supported file format is Barracuda.
2018-02-11T16:55:22.924867Z 0 [Note] InnoDB: Creating shared tablespace for temporary tables
2018-02-11T16:55:22.928370Z 0 [Note] InnoDB: Setting file '.\ibtmp1' size to 12 MB. Physically writing the file full; Please wait ...
2018-02-11T16:55:22.959387Z 0 [Note] InnoDB: File '.\ibtmp1' size is now 12 MB.
2018-02-11T16:55:22.964891Z 0 [Note] InnoDB: 96 redo rollback segment(s) found. 96 redo rollback segment(s) are active.
2018-02-11T16:55:22.966892Z 0 [Note] InnoDB: 32 non-redo rollback segment(s) are active.
2018-02-11T16:55:22.968393Z 0 [Note] InnoDB: Waiting for purge to start
2018-02-11T16:55:23.022924Z 0 [Note] InnoDB: 5.7.19 started; log sequence number 2721492
2018-02-11T16:55:23.024425Z 0 [Note] Plugin 'FEDERATED' is disabled.
2018-02-11T16:55:23.035931Z 0 [Warning] Failed to set up SSL because of the following SSL library error: SSL context is not usable without certificate and private key
2018-02-11T16:55:23.038433Z 0 [Note] Server hostname (bind-address): '*'; port: 3306
2018-02-11T16:55:23.038933Z 0 [Note] InnoDB: Loading buffer pool(s) from C:\laragon\data\mysql\mysql\ib_buffer_pool
2018-02-11T16:55:23.039933Z 0 [Note] IPv6 is available.
2018-02-11T16:55:23.042435Z 0 [Note]   - '::' resolves to '::';
2018-02-11T16:55:23.043435Z 0 [Note] Server socket created on IP: '::'.
2018-02-11T16:55:23.044436Z 0 [ERROR] Can't start server: Bind on TCP/IP port: No such file or directory
2018-02-11T16:55:23.045436Z 0 [ERROR] Do you already have another mysqld server running on port: 3306 ?
2018-02-11T16:55:23.046937Z 0 [ERROR] Aborting

2018-02-11T16:55:23.047438Z 0 [Note] Binlog end
2018-02-11T16:55:23.048438Z 0 [Note] Shutting down plugin 'ngram'
2018-02-11T16:55:23.049439Z 0 [Note] Shutting down plugin 'partition'
2018-02-11T16:55:23.050440Z 0 [Note] Shutting down plugin 'BLACKHOLE'
2018-02-11T16:55:23.051440Z 0 [Note] Shutting down plugin 'ARCHIVE'
2018-02-11T16:55:23.052440Z 0 [Note] Shutting down plugin 'PERFORMANCE_SCHEMA'
2018-02-11T16:55:23.053441Z 0 [Note] Shutting down plugin 'MRG_MYISAM'
2018-02-11T16:55:23.054942Z 0 [Note] Shutting down plugin 'MyISAM'
2018-02-11T16:55:23.057944Z 0 [Note] Shutting down plugin 'INNODB_SYS_VIRTUAL'
2018-02-11T16:55:23.058944Z 0 [Note] Shutting down plugin 'INNODB_SYS_DATAFILES'
2018-02-11T16:55:23.059945Z 0 [Note] Shutting down plugin 'INNODB_SYS_TABLESPACES'
2018-02-11T16:55:23.060945Z 0 [Note] Shutting down plugin 'INNODB_SYS_FOREIGN_COLS'
2018-02-11T16:55:23.062947Z 0 [Note] Shutting down plugin 'INNODB_SYS_FOREIGN'
2018-02-11T16:55:23.063947Z 0 [Note] Shutting down plugin 'INNODB_SYS_FIELDS'
2018-02-11T16:55:23.066949Z 0 [Note] InnoDB: Buffer pool(s) load completed at 180211 16:55:23
2018-02-11T16:55:23.069450Z 0 [Note] Shutting down plugin 'INNODB_SYS_COLUMNS'
2018-02-11T16:55:23.071451Z 0 [Note] Shutting down plugin 'INNODB_SYS_INDEXES'
2018-02-11T16:55:23.072452Z 0 [Note] Shutting down plugin 'INNODB_SYS_TABLESTATS'
2018-02-11T16:55:23.073453Z 0 [Note] Shutting down plugin 'INNODB_SYS_TABLES'
2018-02-11T16:55:23.074453Z 0 [Note] Shutting down plugin 'INNODB_FT_INDEX_TABLE'
2018-02-11T16:55:23.076454Z 0 [Note] Shutting down plugin 'INNODB_FT_INDEX_CACHE'
2018-02-11T16:55:23.077455Z 0 [Note] Shutting down plugin 'INNODB_FT_CONFIG'
2018-02-11T16:55:23.078456Z 0 [Note] Shutting down plugin 'INNODB_FT_BEING_DELETED'
2018-02-11T16:55:23.079456Z 0 [Note] Shutting down plugin 'INNODB_FT_DELETED'
2018-02-11T16:55:23.080456Z 0 [Note] Shutting down plugin 'INNODB_FT_DEFAULT_STOPWORD'
2018-02-11T16:55:23.081957Z 0 [Note] Shutting down plugin 'INNODB_METRICS'
2018-02-11T16:55:23.083459Z 0 [Note] Shutting down plugin 'INNODB_TEMP_TABLE_INFO'
2018-02-11T16:55:23.084459Z 0 [Note] Shutting down plugin 'INNODB_BUFFER_POOL_STATS'
2018-02-11T16:55:23.085459Z 0 [Note] Shutting down plugin 'INNODB_BUFFER_PAGE_LRU'
2018-02-11T16:55:23.086460Z 0 [Note] Shutting down plugin 'INNODB_BUFFER_PAGE'
2018-02-11T16:55:23.087460Z 0 [Note] Shutting down plugin 'INNODB_CMP_PER_INDEX_RESET'
2018-02-11T16:55:23.088961Z 0 [Note] Shutting down plugin 'INNODB_CMP_PER_INDEX'
2018-02-11T16:55:23.090462Z 0 [Note] Shutting down plugin 'INNODB_CMPMEM_RESET'
2018-02-11T16:55:23.091463Z 0 [Note] Shutting down plugin 'INNODB_CMPMEM'
2018-02-11T16:55:23.092463Z 0 [Note] Shutting down plugin 'INNODB_CMP_RESET'
2018-02-11T16:55:23.093464Z 0 [Note] Shutting down plugin 'INNODB_CMP'
2018-02-11T16:55:23.094464Z 0 [Note] Shutting down plugin 'INNODB_LOCK_WAITS'
2018-02-11T16:55:23.095465Z 0 [Note] Shutting down plugin 'INNODB_LOCKS'
2018-02-11T16:55:23.096466Z 0 [Note] Shutting down plugin 'INNODB_TRX'
2018-02-11T16:55:23.097466Z 0 [Note] Shutting down plugin 'InnoDB'
2018-02-11T16:55:23.098467Z 0 [Note] InnoDB: FTS optimize thread exiting.
2018-02-11T16:55:23.100968Z 0 [Note] InnoDB: Starting shutdown...
2018-02-11T16:55:23.202026Z 0 [Note] InnoDB: Dumping buffer pool(s) to C:\laragon\data\mysql\mysql\ib_buffer_pool
2018-02-11T16:55:23.206529Z 0 [Note] InnoDB: Buffer pool(s) dump completed at 180211 16:55:23
2018-02-11T16:55:24.330171Z 0 [Note] InnoDB: Shutdown completed; log sequence number 2721511
2018-02-11T16:55:24.333173Z 0 [Note] InnoDB: Removed temporary tablespace data file: "ibtmp1"
2018-02-11T16:55:24.334673Z 0 [Note] Shutting down plugin 'MEMORY'
2018-02-11T16:55:24.335675Z 0 [Note] Shutting down plugin 'CSV'
2018-02-11T16:55:24.336175Z 0 [Note] Shutting down plugin 'sha256_password'
2018-02-11T16:55:24.337175Z 0 [Note] Shutting down plugin 'mysql_native_password'
2018-02-11T16:55:24.339176Z 0 [Note] Shutting down plugin 'binlog'
2018-02-11T16:55:24.347181Z 0 [Note] C:\laragon\bin\mysql\mysql-5.7.19-winx64\bin\mysqld: Shutdown complete

